
[38;5;202m [0m[38;5;202m [0m[38;5;202m [0m[38;5;202m [0m[38;5;202m [0m[38;5;202m [0m[38;5;202m [0m[38;5;202m▓[0m[38;5;202m█[0m[38;5;202m█[0m[38;5;202m▓[0m[38;5;202m▄[0m
[38;5;202m [0m[38;5;202m [0m[38;5;202m [0m[38;5;202m [0m[38;5;202m▓[0m[38;5;202m▓[0m[38;5;202m▓[0m[38;5;202m▓[0m[38;5;202m█[0m[38;5;202m█[0m[38;5;202m▓[0m[38;5;202m█[0m[38;5;202m▓[0m[38;5;202m▄[0m
[38;5;202m [0m[38;5;202m [0m[38;5;202m [0m[38;5;202m [0m[38;5;202m [0m[38;5;202m█[0m[38;5;202m█[0m[38;5;202m█[0m[38;5;202m█[0m[38;5;202m█[0m[38;5;202m█[0m[38;5;202m█[0m[38;5;202m█[0m[38;5;202m▓[0m[38;5;202m▒[0m
[38;5;202m [0m[38;5;202m [0m[38;5;202m [0m[38;5;202m [0m[38;5;202m [0m[38;5;202m [0m[38;5;202m [0m[38;5;202m [0m[38;5;202m [0m[38;5;202m [0m[38;5;202m▀[0m[38;5;202m▓[0m[38;5;202m▓[0m[38;5;202m█[0m[38;5;202m█[0m[38;5;202m█[0m[38;5;202m▄[0m[38;5;202m [0m[38;5;202m [0m[38;5;202m [0m[38;5;202m [0m[38;5;202m [0m[38;5;202m [0m[38;5;202m▄[0m[38;5;202m▄[0m[38;5;202m [0m[38;5;202m [0m[38;5;202m [0m[38;5;202m▄[0m[38;5;202m [0m[38;5;202m [0m[38;5;202m [0m[38;5;202m [0m[38;5;202m [0m[38;5;202m [0m[38;5;202m [0m[38;5;202m [0m[38;5;202m [0m[38;5;202m [0m[38;5;202m [0m[38;5;202m [0m[38;5;202m [0m[38;5;202m [0m[38;5;202m [0m[38;5;202m▌[0m
[38;5;202m [0m[38;5;202m [0m[38;5;202m [0m[38;5;202m [0m[38;5;202m [0m[38;5;202m [0m[38;5;202m [0m[38;5;202m [0m[38;5;202m [0m[38;5;202m▄[0m[38;5;202m▌[0m[38;5;202m▌[0m[38;5;202m▓[0m[38;5;202m▓[0m[38;5;202m█[0m[38;5;202m█[0m[38;5;202m█[0m[38;5;202m█[0m[38;5;202m▄[0m[38;5;202m [0m[38;5;202m [0m[38;5;202m [0m[38;5;202m [0m[38;5;202m█[0m[38;5;202m█[0m[38;5;202m [0m[38;5;202m▓[0m[38;5;202m█[0m[38;5;202m▀[0m[38;5;202m [0m[38;5;202m [0m[38;5;202m▄[0m[38;5;202m▌[0m[38;5;202m▀[0m[38;5;202m▄[0m[38;5;202m [0m[38;5;202m [0m[38;5;202m▓[0m[38;5;202m▓[0m[38;5;202m▌[0m[38;5;202m▄[0m[38;5;202m [0m[38;5;202m [0m[38;5;202m [0m[38;5;202m▓[0m[38;5;202m█[0m[38;5;202m [0m[38;5;202m [0m[38;5;202m▄[0m[38;5;202m▌[0m[38;5;202m▓[0m[38;5;202m▓[0m[38;5;202m▌[0m[38;5;202m▄[0m[38;5;202m [0m[38;5;202m▌[0m[38;5;202m▌[0m[38;5;202m [0m[38;5;202m [0m[38;5;202m [0m[38;5;202m▓[0m
[38;5;208m [0m[38;5;208m [0m[38;5;208m [0m[38;5;208m [0m[38;5;208m [0m[38;5;208m [0m[38;5;208m [0m[38;5;208m▓[0m[38;5;208m█[0m[38;5;208m█[0m[38;5;208m█[0m[38;5;208m█[0m[38;5;208m█[0m[38;5;208m█[0m[38;5;208m█[0m[38;5;208m█[0m[38;5;208m█[0m[38;5;208m▌[0m[38;5;208m▓[0m[38;5;202m▓[0m[38;5;202m [0m[38;5;202m [0m[38;5;202m [0m[38;5;202m█[0m[38;5;202m█[0m[38;5;202m▓[0m[38;5;202m█[0m[38;5;202m▄[0m[38;5;202m [0m[38;5;202m [0m[38;5;202m▓[0m[38;5;202m█[0m[38;5;202m▄[0m[38;5;202m▓[0m[38;5;202m▓[0m[38;5;202m [0m[38;5;202m▐[0m[38;5;202m█[0m[38;5;202m▌[0m[38;5;202m [0m[38;5;202m [0m[38;5;202m█[0m[38;5;202m█[0m[38;5;202m [0m[38;5;202m▓[0m[38;5;202m█[0m[38;5;202m [0m[38;5;202m [0m[38;5;202m█[0m[38;5;202m▌[0m[38;5;202m [0m[38;5;202m [0m[38;5;202m█[0m[38;5;202m█[0m[38;5;202m [0m[38;5;202m [0m[38;5;202m█[0m[38;5;202m▌[0m[38;5;202m [0m[38;5;202m█[0m[38;5;202m▓[0m
[38;5;214m [0m[38;5;214m [0m[38;5;214m [0m[38;5;214m [0m[38;5;214m [0m[38;5;214m [0m[38;5;214m▓[0m[38;5;214m▓[0m[38;5;214m▓[0m[38;5;214m▓[0m[38;5;214m▀[0m[38;5;214m▀[0m[38;5;214m▀[0m[38;5;214m▀[0m[38;5;214m▓[0m[38;5;214m▓[0m[38;5;214m▓[0m[38;5;214m▓[0m[38;5;214m▓[0m[38;5;214m▓[0m[38;5;214m▌[0m[38;5;202m [0m[38;5;202m [0m[38;5;202m█[0m[38;5;202m█[0m[38;5;202m [0m[38;5;202m [0m[38;5;202m█[0m[38;5;202m▓[0m[38;5;202m [0m[38;5;202m [0m[38;5;202m▓[0m[38;5;202m▌[0m[38;5;202m▄[0m[38;5;202m▄[0m[38;5;202m [0m[38;5;202m▐[0m[38;5;202m█[0m[38;5;202m▓[0m[38;5;202m▄[0m[38;5;202m▓[0m[38;5;202m█[0m[38;5;202m▀[0m[38;5;202m [0m[38;5;202m█[0m[38;5;202m▓[0m[38;5;202m█[0m[38;5;202m [0m[38;5;202m▀[0m[38;5;202m█[0m[38;5;202m▄[0m[38;5;202m▄[0m[38;5;202m█[0m[38;5;202m▀[0m[38;5;202m [0m[38;5;202m [0m[38;5;202m [0m[38;5;202m█[0m[38;5;202m▓[0m[38;5;202m█[0m
[38;5;226m [0m[38;5;226m [0m[38;5;226m [0m[38;5;226m [0m[38;5;226m [0m[38;5;226m [0m[38;5;226m [0m[38;5;226m▓[0m[38;5;226m▌[0m[38;5;226m [0m[38;5;226m [0m[38;5;226m [0m[38;5;226m [0m[38;5;226m [0m[38;5;226m [0m[38;5;226m [0m[38;5;226m [0m[38;5;226m [0m[38;5;226m [0m[38;5;226m [0m[38;5;226m [0m[38;5;226m [0m[38;5;226m [0m[38;5;226m [0m[38;5;226m [0m[38;5;226m [0m[38;5;226m [0m[38;5;226m [0m[38;5;226m [0m[38;5;226m [0m[38;5;226m [0m[38;5;226m [0m[38;5;226m [0m[38;5;226m [0m[38;5;226m [0m[38;5;202m [0m[38;5;202m▐[0m[38;5;202m█[0m[38;5;202m▌[0m[38;5;202m [0m[38;5;202m [0m[38;5;202m [0m[38;5;202m [0m[38;5;202m [0m[38;5;202m [0m[38;5;202m [0m[38;5;202m [0m[38;5;202m [0m[38;5;202m [0m[38;5;202m [0m[38;5;202m [0m[38;5;202m [0m[38;5;202m [0m[38;5;202m [0m[38;5;202m [0m[38;5;202m [0m[38;5;202m [0m[38;5;202m [0m[38;5;202m█[0m[38;5;202m▌[0m
[38;5;226m [0m[38;5;226m [0m[38;5;226m [0m[38;5;226m [0m[38;5;226m [0m[38;5;226m [0m[38;5;226m [0m[38;5;226m [0m[38;5;226m▓[0m

version: 2.3.0-beta16

🐰 Keploy: 2024-09-06T23:14:33+05:30 	[34mINFO[0m	keploy initialized and probes added to the kernel.
🐰 Keploy: 2024-09-06T23:14:33+05:30 	[34mINFO[0m	Java detected and CA already exists	{"path": "/usr/lib/jvm/java-17-openjdk-amd64/lib/security/cacerts"}
🐰 Keploy: 2024-09-06T23:14:34+05:30 	[34mINFO[0m	Java detected and CA already exists	{"path": "/usr/lib/jvm/java-17-openjdk-amd64/lib/security/cacerts"}
🐰 Keploy: 2024-09-06T23:14:34+05:30 	[34mINFO[0m	Keploy has taken control of the DNS resolution mechanism, your application may misbehave if you have provided wrong domain name in your application code.
🐰 Keploy: 2024-09-06T23:14:34+05:30 	[34mINFO[0m	Proxy started at port:16789
🐰 Keploy: 2024-09-06T23:14:34+05:30 	[34mINFO[0m	starting UDP DNS server at addr :26789
🐰 Keploy: 2024-09-06T23:14:34+05:30 	[34mINFO[0m	starting TCP DNS server at addr :26789
sh: 1: go: not found
🐰 Keploy: 2024-09-06T23:14:35+05:30 	[31mERROR[0m	error while running the app	{"error": "exit status 127"}
🐰 Keploy: 2024-09-06T23:14:35+05:30 	[31mERROR[0m	user application terminated unexpectedly hence stopping keploy, please check application logs if this behaviour is not expected
🐰 Keploy: 2024-09-06T23:14:35+05:30 	[34mINFO[0m	stopping Keploy	{"reason": "user application terminated unexpectedly hence stopping keploy, please check application logs if this behaviour is not expected"}
🐰 Keploy: 2024-09-06T23:14:35+05:30 	[34mINFO[0m	proxy stopped...
🐰 Keploy: 2024-09-06T23:14:35+05:30 	[34mINFO[0m	eBPF resources released successfully...
🐰 Keploy: 2024-09-06T23:14:35+05:30 	[31mERROR[0m	failed to record	{"error": "user application terminated unexpectedly hence stopping keploy, please check application logs if this behaviour is not expected"}
