
[38;5;202m [0m[38;5;202m [0m[38;5;202m [0m[38;5;202m [0m[38;5;202m [0m[38;5;202m [0m[38;5;202m [0m[38;5;202m▓[0m[38;5;202m█[0m[38;5;202m█[0m[38;5;202m▓[0m[38;5;202m▄[0m
[38;5;202m [0m[38;5;202m [0m[38;5;202m [0m[38;5;202m [0m[38;5;202m▓[0m[38;5;202m▓[0m[38;5;202m▓[0m[38;5;202m▓[0m[38;5;202m█[0m[38;5;202m█[0m[38;5;202m▓[0m[38;5;202m█[0m[38;5;202m▓[0m[38;5;202m▄[0m
[38;5;202m [0m[38;5;202m [0m[38;5;202m [0m[38;5;202m [0m[38;5;202m [0m[38;5;202m█[0m[38;5;202m█[0m[38;5;202m█[0m[38;5;202m█[0m[38;5;202m█[0m[38;5;202m█[0m[38;5;202m█[0m[38;5;202m█[0m[38;5;202m▓[0m[38;5;202m▒[0m
[38;5;202m [0m[38;5;202m [0m[38;5;202m [0m[38;5;202m [0m[38;5;202m [0m[38;5;202m [0m[38;5;202m [0m[38;5;202m [0m[38;5;202m [0m[38;5;202m [0m[38;5;202m▀[0m[38;5;202m▓[0m[38;5;202m▓[0m[38;5;202m█[0m[38;5;202m█[0m[38;5;202m█[0m[38;5;202m▄[0m[38;5;202m [0m[38;5;202m [0m[38;5;202m [0m[38;5;202m [0m[38;5;202m [0m[38;5;202m [0m[38;5;202m▄[0m[38;5;202m▄[0m[38;5;202m [0m[38;5;202m [0m[38;5;202m [0m[38;5;202m▄[0m[38;5;202m [0m[38;5;202m [0m[38;5;202m [0m[38;5;202m [0m[38;5;202m [0m[38;5;202m [0m[38;5;202m [0m[38;5;202m [0m[38;5;202m [0m[38;5;202m [0m[38;5;202m [0m[38;5;202m [0m[38;5;202m [0m[38;5;202m [0m[38;5;202m [0m[38;5;202m▌[0m
[38;5;202m [0m[38;5;202m [0m[38;5;202m [0m[38;5;202m [0m[38;5;202m [0m[38;5;202m [0m[38;5;202m [0m[38;5;202m [0m[38;5;202m [0m[38;5;202m▄[0m[38;5;202m▌[0m[38;5;202m▌[0m[38;5;202m▓[0m[38;5;202m▓[0m[38;5;202m█[0m[38;5;202m█[0m[38;5;202m█[0m[38;5;202m█[0m[38;5;202m▄[0m[38;5;202m [0m[38;5;202m [0m[38;5;202m [0m[38;5;202m [0m[38;5;202m█[0m[38;5;202m█[0m[38;5;202m [0m[38;5;202m▓[0m[38;5;202m█[0m[38;5;202m▀[0m[38;5;202m [0m[38;5;202m [0m[38;5;202m▄[0m[38;5;202m▌[0m[38;5;202m▀[0m[38;5;202m▄[0m[38;5;202m [0m[38;5;202m [0m[38;5;202m▓[0m[38;5;202m▓[0m[38;5;202m▌[0m[38;5;202m▄[0m[38;5;202m [0m[38;5;202m [0m[38;5;202m [0m[38;5;202m▓[0m[38;5;202m█[0m[38;5;202m [0m[38;5;202m [0m[38;5;202m▄[0m[38;5;202m▌[0m[38;5;202m▓[0m[38;5;202m▓[0m[38;5;202m▌[0m[38;5;202m▄[0m[38;5;202m [0m[38;5;202m▌[0m[38;5;202m▌[0m[38;5;202m [0m[38;5;202m [0m[38;5;202m [0m[38;5;202m▓[0m
[38;5;208m [0m[38;5;208m [0m[38;5;208m [0m[38;5;208m [0m[38;5;208m [0m[38;5;208m [0m[38;5;208m [0m[38;5;208m▓[0m[38;5;208m█[0m[38;5;208m█[0m[38;5;208m█[0m[38;5;208m█[0m[38;5;208m█[0m[38;5;208m█[0m[38;5;208m█[0m[38;5;208m█[0m[38;5;208m█[0m[38;5;208m▌[0m[38;5;208m▓[0m[38;5;202m▓[0m[38;5;202m [0m[38;5;202m [0m[38;5;202m [0m[38;5;202m█[0m[38;5;202m█[0m[38;5;202m▓[0m[38;5;202m█[0m[38;5;202m▄[0m[38;5;202m [0m[38;5;202m [0m[38;5;202m▓[0m[38;5;202m█[0m[38;5;202m▄[0m[38;5;202m▓[0m[38;5;202m▓[0m[38;5;202m [0m[38;5;202m▐[0m[38;5;202m█[0m[38;5;202m▌[0m[38;5;202m [0m[38;5;202m [0m[38;5;202m█[0m[38;5;202m█[0m[38;5;202m [0m[38;5;202m▓[0m[38;5;202m█[0m[38;5;202m [0m[38;5;202m [0m[38;5;202m█[0m[38;5;202m▌[0m[38;5;202m [0m[38;5;202m [0m[38;5;202m█[0m[38;5;202m█[0m[38;5;202m [0m[38;5;202m [0m[38;5;202m█[0m[38;5;202m▌[0m[38;5;202m [0m[38;5;202m█[0m[38;5;202m▓[0m
[38;5;214m [0m[38;5;214m [0m[38;5;214m [0m[38;5;214m [0m[38;5;214m [0m[38;5;214m [0m[38;5;214m▓[0m[38;5;214m▓[0m[38;5;214m▓[0m[38;5;214m▓[0m[38;5;214m▀[0m[38;5;214m▀[0m[38;5;214m▀[0m[38;5;214m▀[0m[38;5;214m▓[0m[38;5;214m▓[0m[38;5;214m▓[0m[38;5;214m▓[0m[38;5;214m▓[0m[38;5;214m▓[0m[38;5;214m▌[0m[38;5;202m [0m[38;5;202m [0m[38;5;202m█[0m[38;5;202m█[0m[38;5;202m [0m[38;5;202m [0m[38;5;202m█[0m[38;5;202m▓[0m[38;5;202m [0m[38;5;202m [0m[38;5;202m▓[0m[38;5;202m▌[0m[38;5;202m▄[0m[38;5;202m▄[0m[38;5;202m [0m[38;5;202m▐[0m[38;5;202m█[0m[38;5;202m▓[0m[38;5;202m▄[0m[38;5;202m▓[0m[38;5;202m█[0m[38;5;202m▀[0m[38;5;202m [0m[38;5;202m█[0m[38;5;202m▓[0m[38;5;202m█[0m[38;5;202m [0m[38;5;202m▀[0m[38;5;202m█[0m[38;5;202m▄[0m[38;5;202m▄[0m[38;5;202m█[0m[38;5;202m▀[0m[38;5;202m [0m[38;5;202m [0m[38;5;202m [0m[38;5;202m█[0m[38;5;202m▓[0m[38;5;202m█[0m
[38;5;226m [0m[38;5;226m [0m[38;5;226m [0m[38;5;226m [0m[38;5;226m [0m[38;5;226m [0m[38;5;226m [0m[38;5;226m▓[0m[38;5;226m▌[0m[38;5;226m [0m[38;5;226m [0m[38;5;226m [0m[38;5;226m [0m[38;5;226m [0m[38;5;226m [0m[38;5;226m [0m[38;5;226m [0m[38;5;226m [0m[38;5;226m [0m[38;5;226m [0m[38;5;226m [0m[38;5;226m [0m[38;5;226m [0m[38;5;226m [0m[38;5;226m [0m[38;5;226m [0m[38;5;226m [0m[38;5;226m [0m[38;5;226m [0m[38;5;226m [0m[38;5;226m [0m[38;5;226m [0m[38;5;226m [0m[38;5;226m [0m[38;5;226m [0m[38;5;202m [0m[38;5;202m▐[0m[38;5;202m█[0m[38;5;202m▌[0m[38;5;202m [0m[38;5;202m [0m[38;5;202m [0m[38;5;202m [0m[38;5;202m [0m[38;5;202m [0m[38;5;202m [0m[38;5;202m [0m[38;5;202m [0m[38;5;202m [0m[38;5;202m [0m[38;5;202m [0m[38;5;202m [0m[38;5;202m [0m[38;5;202m [0m[38;5;202m [0m[38;5;202m [0m[38;5;202m [0m[38;5;202m [0m[38;5;202m█[0m[38;5;202m▌[0m
[38;5;226m [0m[38;5;226m [0m[38;5;226m [0m[38;5;226m [0m[38;5;226m [0m[38;5;226m [0m[38;5;226m [0m[38;5;226m [0m[38;5;226m▓[0m

version: 2.2.0-alpha26

🐰 Keploy: 2024-07-28T16:44:19+05:30 	[31mERROR[0m	missing required -c flag or appCmd in config file
🐰 Keploy: 2024-07-28T16:44:19+05:30 	[34mINFO[0m	Example usage: 
  Record:
	keploy record -c "docker run -p 8080:8080 --name <containerName> --network keploy-network <applicationImage>" --container-name "<containerName>" --buildDelay 60

  Test:
	keploy test --c "docker run -p 8080:8080 --name <containerName> --network keploy-network <applicationImage>" --delay 10 --buildDelay 60

  Config:
	keploy config --generate -p "/path/to/localdir"

🐰 Keploy: 2024-07-28T16:44:19+05:30 	[31mERROR[0m	failed to validate flags	{"error": "missing required -c flag or appCmd in config file"}
Usage:
  keploy record [flags]

Examples:
keploy record -c "/path/to/user/app"

Flags:
  -a, --app-id uint                A unique name for the user's application
      --app-name string            Name of the user's application
  -b, --build-delay uint           User provided time to wait docker container build (default 30)
      --cmd-type string            Type of command to start the user application (native/docker/docker-compose) (default "native")
  -c, --command string             Command to start the user application
      --config-path string         Path to the local directory where keploy configuration file is stored (default ".")
      --container-name string      Name of the application's docker container
      --dns-port uint32            Port used by the Keploy DNS server to intercept the DNS queries (default 26789)
      --generate-github-actions    Generate Github Actions workflow file
  -h, --help                       help for record
      --in-ci                      is CI Running or not
  -n, --network-name string        Name of the application's docker network
      --pass-through-ports uints   Ports to bypass the proxy server and ignore the traffic (default [])
  -p, --path string                Path to local directory where generated testcases/mocks are stored (default ".")
      --proxy-port uint32          Port used by the Keploy proxy server to intercept the outgoing dependency calls (default 16789)
      --record-timer uint          User provided time to record its application

Global Flags:
      --debug          Run in debug mode
      --disable-ansi   Disable ANSI color in logs

